<?xml version="1.0" encoding="UTF-8"?>
<!-- Generated by org.testng.reporters.JUnitReportReporter -->
<testsuite hostname="DESKTOP-FUGQNF4" failures="0" tests="6" name="swaglab.Swaglab_Login" time="9.606" errors="0" timestamp="2023-06-17T14:16:14 IST" skipped="0">
  <testcase classname="swaglab.Swaglab_Login" name="Userlogin" time="0.377"/>
  <system-out/>
  <testcase classname="swaglab.Swaglab_Login" name="product" time="3.349"/>
  <system-out/>
  <testcase classname="swaglab.Swaglab_Login" name="checkout_Info" time="1.383"/>
  <system-out/>
  <testcase classname="swaglab.Swaglab_Login" name="backToProduct" time="2.159"/>
  <system-out/>
  <testcase classname="swaglab.Swaglab_Login" name="logout" time="1.149"/>
  <system-out/>
  <testcase classname="swaglab.Swaglab_Login" name="driverClose" time="1.189"/>
  <system-out/>
</testsuite> <!-- swaglab.Swaglab_Login -->
